npm error code ERESOLVE
npm error ERESOLVE unable to resolve dependency tree
npm error
npm error While resolving: vite-project@0.0.0
npm error Found: react-dom@undefined
npm error node_modules/react-dom
npm error   react-dom@"^18.3.1" from the root project
npm error
npm error Could not resolve dependency:
npm error peer react-dom@"^16.8.0 || ^17.0.0 || ^18.0.0 || ^19.0.0-beta" from @storybook/react@8.5.3
npm error node_modules/@storybook/react
npm error   dev @storybook/react@"^8.5.3" from the root project
npm error
npm error Fix the upstream dependency conflict, or retry
npm error this command with --force or --legacy-peer-deps
npm error to accept an incorrect (and potentially broken) dependency resolution.
npm error
npm error
npm error For a full report see:
npm error /Users/boyhood/.npm/_logs/2025-02-08T15_08_44_475Z-eresolve-report.txt
npm error A complete log of this run can be found in: /Users/boyhood/.npm/_logs/2025-02-08T15_08_44_475Z-debug-0.log
